<?xml version="1.0" encoding="UTF-8"?>
<!-- Generated by org.testng.reporters.JUnitReportReporter -->
<testsuite hostname="DESKTOP-1VQ11OL" failures="0" tests="1" name="test.AddCustomerTest" time="15.640" errors="0" timestamp="2022-09-04T07:23:40 CDT" skipped="0">
  <testcase classname="test.AddCustomerTest" name="validUserShouldBeAbleToAddCustomer" time="15.640"/>
  <system-out/>
</testsuite> <!-- test.AddCustomerTest -->
