<?xml version="1.0" encoding="UTF-8"?>
<!-- Generated by org.testng.reporters.JUnitReportReporter -->
<testsuite hostname="DESKTOP-1VQ11OL" failures="0" tests="1" name="test.LoginTest" time="2.116" errors="0" timestamp="2022-09-04T05:25:49 CDT" skipped="0">
  <testcase classname="test.LoginTest" name="userShouldBeAbleToLogin" time="2.116"/>
  <system-out/>
</testsuite> <!-- test.LoginTest -->
